[debug] [2022-11-18T17:24:46.351Z] ----------------------------------------------------------------------
[debug] [2022-11-18T17:24:46.354Z] Command:       C:\Program Files\nodejs\node.exe C:\Users\Caja\AppData\Roaming\npm\node_modules\firebase-tools\lib\bin\firebase.js init
[debug] [2022-11-18T17:24:46.355Z] CLI Version:   11.16.1
[debug] [2022-11-18T17:24:46.355Z] Platform:      win32
[debug] [2022-11-18T17:24:46.356Z] Node Version:  v18.0.0
[debug] [2022-11-18T17:24:46.357Z] Time:          Fri Nov 18 2022 14:24:46 GMT-0300 (hora estándar de Argentina)
[debug] [2022-11-18T17:24:46.357Z] ----------------------------------------------------------------------
[debug] 
[debug] [2022-11-18T17:24:46.361Z] >>> [apiv2][query] GET https://firebase-public.firebaseio.com/cli.json [none]
[debug] [2022-11-18T17:24:46.443Z] > command requires scopes: ["email","openid","https://www.googleapis.com/auth/cloudplatformprojects.readonly","https://www.googleapis.com/auth/firebase","https://www.googleapis.com/auth/cloud-platform"]
[debug] [2022-11-18T17:24:46.443Z] > authorizing via signed-in user (grossocrln@gmail.com)
[info] 
     ######## #### ########  ######## ########     ###     ######  ########
     ##        ##  ##     ## ##       ##     ##  ##   ##  ##       ##
     ######    ##  ########  ######   ########  #########  ######  ######
     ##        ##  ##    ##  ##       ##     ## ##     ##       ## ##
     ##       #### ##     ## ######## ########  ##     ##  ######  ########

You're about to initialize a Firebase project in this directory:

  C:\Users\Caja\Desktop\Programacion\proyectos\bakincoco

[debug] [2022-11-18T17:24:47.353Z] <<< [apiv2][status] GET https://firebase-public.firebaseio.com/cli.json 200
[debug] [2022-11-18T17:24:47.354Z] <<< [apiv2][body] GET https://firebase-public.firebaseio.com/cli.json {"cloudBuildErrorAfter":1594252800000,"cloudBuildWarnAfter":1590019200000,"defaultNode10After":1594252800000,"minVersion":"3.0.5","node8DeploysDisabledAfter":1613390400000,"node8RuntimeDisabledAfter":1615809600000,"node8WarnAfter":1600128000000}
